<?xml version="1.0" encoding="UTF-8"?>
<!-- Generated by org.testng.reporters.JUnitReportReporter -->
<testsuite hostname="LAPTOP-IO7O6G3K" failures="0" tests="1" name="test.SearchStockTest" time="13.702" errors="0" timestamp="2023-04-21T08:26:26 IST" skipped="0">
  <testcase classname="test.SearchStockTest" name="verifyIfUserIsAbleToAddStockToWatchlist" time="13.702"/>
  <system-out/>
</testsuite> <!-- test.SearchStockTest -->
